

Microchip Technology PIC LITE Macro Assembler V1.30 build 55553 
                                                                                               Tue Apr 15 02:35:20 2014

Microchip Technology Omniscient Code Generator (Lite mode) build 55553
     1                           	processor	16F877A
     2                           	opt	pw 120
     3                           	opt	lm
     4                           	psect	maintext,global,class=CODE,split=1,delta=2
     5                           	psect	cinit,global,class=CODE,merge=1,delta=2
     6                           	psect	cstackCOMMON,global,class=COMMON,space=1,delta=1
     7                           	dabs	1,0x7E,2
     8  0000                     	;# 
     9  0001                     	;# 
    10  0002                     	;# 
    11  0003                     	;# 
    12  0004                     	;# 
    13  0005                     	;# 
    14  0006                     	;# 
    15  0007                     	;# 
    16  0008                     	;# 
    17  0009                     	;# 
    18  000A                     	;# 
    19  000B                     	;# 
    20  000C                     	;# 
    21  000D                     	;# 
    22  000E                     	;# 
    23  000E                     	;# 
    24  000F                     	;# 
    25  0010                     	;# 
    26  0011                     	;# 
    27  0012                     	;# 
    28  0013                     	;# 
    29  0014                     	;# 
    30  0015                     	;# 
    31  0015                     	;# 
    32  0016                     	;# 
    33  0017                     	;# 
    34  0018                     	;# 
    35  0019                     	;# 
    36  001A                     	;# 
    37  001B                     	;# 
    38  001B                     	;# 
    39  001C                     	;# 
    40  001D                     	;# 
    41  001E                     	;# 
    42  001F                     	;# 
    43  0081                     	;# 
    44  0085                     	;# 
    45  0086                     	;# 
    46  0087                     	;# 
    47  0088                     	;# 
    48  0089                     	;# 
    49  008C                     	;# 
    50  008D                     	;# 
    51  008E                     	;# 
    52  0091                     	;# 
    53  0092                     	;# 
    54  0093                     	;# 
    55  0094                     	;# 
    56  0098                     	;# 
    57  0099                     	;# 
    58  009C                     	;# 
    59  009D                     	;# 
    60  009E                     	;# 
    61  009F                     	;# 
    62  010C                     	;# 
    63  010D                     	;# 
    64  010E                     	;# 
    65  010F                     	;# 
    66  018C                     	;# 
    67  018D                     	;# 
    68  0005                     _PORTA	set	5
    69  0006                     _PORTB	set	6
    70  0007                     _PORTC	set	7
    71  0008                     _PORTD	set	8
    72  0009                     _PORTE	set	9
    73  0085                     _TRISA	set	133
    74  0086                     _TRISB	set	134
    75  0087                     _TRISC	set	135
    76  0088                     _TRISD	set	136
    77  0089                     _TRISE	set	137
    78                           
    79                           	psect	maintext
    80  07C7                     __pmaintext:	
    81                           ; #config settings
    82                           
    83                           
    84                           ;psect for function _main
    85  0000                     
    86 ;;
    87 ;;Main: autosize = 0, tempsize = 3, incstack = 0, save=0
    88 ;;
    89 ;; *************** function _main *****************
    90 ;; Defined at:
    91 ;;		line 28 in file "main.c"
    92 ;; Parameters:    Size  Location     Type
    93 ;;		None
    94 ;; Auto vars:     Size  Location     Type
    95 ;;		None
    96 ;; Return value:  Size  Location     Type
    97 ;;                  2   24[COMMON] int 
    98 ;; Registers used:
    99 ;;		wreg, status,2
   100 ;; Tracked objects:
   101 ;;		On entry : 17F/0
   102 ;;		On exit  : 0/0
   103 ;;		Unchanged: 0/0
   104 ;; Data sizes:     COMMON   BANK0   BANK1   BANK3   BANK2
   105 ;;      Params:         0       0       0       0       0
   106 ;;      Locals:         0       0       0       0       0
   107 ;;      Temps:          3       0       0       0       0
   108 ;;      Totals:         3       0       0       0       0
   109 ;;Total ram usage:        3 bytes
   110 ;; This function calls:
   111 ;;		Nothing
   112 ;; This function is called by:
   113 ;;		Startup code after reset
   114 ;; This function uses a non-reentrant model
   115 ;;
   116  07C7                     _main:	
   117                           
   118                           ;main.c: 30: TRISA = 0;
   119                           
   120                           ;incstack = 0
   121                           ; Regs used in _main: [wreg+status,2]
   122  07C7  1683               	bsf	3,5	;RP0=1, select bank1
   123  07C8  1303               	bcf	3,6	;RP1=0, select bank1
   124  07C9  0185               	clrf	5	;volatile
   125                           
   126                           ;main.c: 31: TRISB = 0;
   127  07CA  0186               	clrf	6	;volatile
   128                           
   129                           ;main.c: 32: TRISC = 0;
   130  07CB  0187               	clrf	7	;volatile
   131                           
   132                           ;main.c: 33: TRISD = 0;
   133  07CC  0188               	clrf	8	;volatile
   134                           
   135                           ;main.c: 34: TRISE = 0;
   136  07CD  0189               	clrf	9	;volatile
   137  07CE                     l25:	
   138                           ;main.c: 36: do {
   139                           
   140                           
   141                           ;main.c: 37: PORTA = 0x00;
   142  07CE  1283               	bcf	3,5	;RP0=0, select bank0
   143  07CF  1303               	bcf	3,6	;RP1=0, select bank0
   144  07D0  0185               	clrf	5	;volatile
   145                           
   146                           ;main.c: 38: PORTB = 0x00;
   147  07D1  0186               	clrf	6	;volatile
   148                           
   149                           ;main.c: 39: PORTC = 0x00;
   150  07D2  0187               	clrf	7	;volatile
   151                           
   152                           ;main.c: 40: PORTD = 0x00;
   153  07D3  0188               	clrf	8	;volatile
   154                           
   155                           ;main.c: 41: PORTE = 0x00;
   156  07D4  0189               	clrf	9	;volatile
   157                           
   158                           ;main.c: 42: _delay((unsigned long)((1000)*(8000000/4000.0)));
   159  07D5  300B               	movlw	11
   160  07D6  00F2               	movwf	??_main+2
   161  07D7  3026               	movlw	38
   162  07D8  00F1               	movwf	??_main+1
   163  07D9  3066               	movlw	102
   164  07DA  00F0               	movwf	??_main
   165  07DB                     u17:	
   166  07DB  0BF0               	decfsz	??_main,f
   167  07DC  2FDB               	goto	u17
   168  07DD  0BF1               	decfsz	??_main+1,f
   169  07DE  2FDB               	goto	u17
   170  07DF  0BF2               	decfsz	??_main+2,f
   171  07E0  2FDB               	goto	u17
   172  07E1  2FE2               	nop2
   173                           
   174                           ;main.c: 44: PORTA = 0xFF;
   175  07E2  30FF               	movlw	255
   176  07E3  1283               	bcf	3,5	;RP0=0, select bank0
   177  07E4  1303               	bcf	3,6	;RP1=0, select bank0
   178  07E5  0085               	movwf	5	;volatile
   179                           
   180                           ;main.c: 45: PORTB = 0xFF;
   181  07E6  30FF               	movlw	255
   182  07E7  0086               	movwf	6	;volatile
   183                           
   184                           ;main.c: 46: PORTC = 0xFF;
   185  07E8  30FF               	movlw	255
   186  07E9  0087               	movwf	7	;volatile
   187                           
   188                           ;main.c: 47: PORTD = 0xFF;
   189  07EA  30FF               	movlw	255
   190  07EB  0088               	movwf	8	;volatile
   191                           
   192                           ;main.c: 48: PORTE = 0xFF;
   193  07EC  30FF               	movlw	255
   194  07ED  0089               	movwf	9	;volatile
   195                           
   196                           ;main.c: 49: _delay((unsigned long)((1000)*(8000000/4000.0)));
   197  07EE  300B               	movlw	11
   198  07EF  00F2               	movwf	??_main+2
   199  07F0  3026               	movlw	38
   200  07F1  00F1               	movwf	??_main+1
   201  07F2  3066               	movlw	102
   202  07F3  00F0               	movwf	??_main
   203  07F4                     u27:	
   204  07F4  0BF0               	decfsz	??_main,f
   205  07F5  2FF4               	goto	u27
   206  07F6  0BF1               	decfsz	??_main+1,f
   207  07F7  2FF4               	goto	u27
   208  07F8  0BF2               	decfsz	??_main+2,f
   209  07F9  2FF4               	goto	u27
   210  07FA  2FFB               	nop2
   211                           
   212                           ;main.c: 50: } while(1);
   213  07FB  2FCE               	goto	l25
   214  07FC                     __end_of_main:	
   215                           ;main.c: 52: return (0);
   216                           ;	Return value of _main is never used
   217                           
   218  007E                     btemp	set	126	;btemp
   219  007E                     wtemp	set	126
   220  007E                     wtemp0	set	126
   221  0080                     wtemp1	set	128
   222  0082                     wtemp2	set	130
   223  0084                     wtemp3	set	132
   224  0086                     wtemp4	set	134
   225  0088                     wtemp5	set	136
   226  007F                     wtemp6	set	127
   227  007E                     ttemp	set	126
   228  007E                     ttemp0	set	126
   229  0081                     ttemp1	set	129
   230  0084                     ttemp2	set	132
   231  0087                     ttemp3	set	135
   232  007F                     ttemp4	set	127
   233  007E                     ltemp	set	126
   234  007E                     ltemp0	set	126
   235  0082                     ltemp1	set	130
   236  0086                     ltemp2	set	134
   237  0080                     ltemp3	set	128
   238                           
   239                           	psect	cinit
   240  07FC                     start_initialization:	
   241  07FC                     __initialization:	
   242  07FC                     end_of_initialization:	
   243                           ;End of C runtime variable initialization code
   244                           
   245  07FC                     __end_of__initialization:	
   246  07FC  0183               	clrf	3
   247  07FD  120A  118A  2FC7   	ljmp	_main	;jump to C main() function
   248                           
   249                           	psect	cstackCOMMON
   250  0070                     __pcstackCOMMON:	
   251  0070                     ??_main:	
   252  0070                     ?_main:	
   253                           ; 0 bytes @ 0x0
   254                           
   255                           
   256                           ; 2 bytes @ 0x0
   257  0070                     	ds	3


Data Sizes:
    Strings     0
    Constant    0
    Data        0
    BSS         0
    Persistent  0
    Stack       0

Auto Spaces:
    Space          Size  Autos    Used
    COMMON           14      3       3
    BANK0            80      0       0
    BANK1            80      0       0
    BANK3            96      0       0
    BANK2            96      0       0

Pointer List with Targets:

    None.

Critical Paths under _main in COMMON

    None.

Critical Paths under _main in BANK0

    None.

Critical Paths under _main in BANK1

    None.

Critical Paths under _main in BANK3

    None.

Critical Paths under _main in BANK2

    None.

Call Graph Tables:

 ---------------------------------------------------------------------------------
 (Depth) Function   	        Calls       Base Space   Used Autos Params    Refs
 ---------------------------------------------------------------------------------
 (0) _main                                                 3     3      0       0
                                              0 COMMON     3     3      0
 ---------------------------------------------------------------------------------
 Estimated maximum stack depth 0
 ---------------------------------------------------------------------------------

 Call Graph Graphs:

 _main (ROOT)

 Address spaces:
Name               Size   Autos  Total    Cost      Usage
BITCOMMON            E      0       0       0        0.0%
EEDATA             100      0       0       0        0.0%
NULL                 0      0       0       0        0.0%
CODE                 0      0       0       0        0.0%
COMMON               E      3       3       1       21.4%
BITSFR0              0      0       0       1        0.0%
SFR0                 0      0       0       1        0.0%
BITSFR1              0      0       0       2        0.0%
SFR1                 0      0       0       2        0.0%
STACK                0      0       0       2        0.0%
ABS                  0      0       0       3        0.0%
BITBANK0            50      0       0       4        0.0%
BITSFR3              0      0       0       4        0.0%
SFR3                 0      0       0       4        0.0%
BANK0               50      0       0       5        0.0%
BITSFR2              0      0       0       5        0.0%
SFR2                 0      0       0       5        0.0%
BITBANK1            50      0       0       6        0.0%
BANK1               50      0       0       7        0.0%
BITBANK3            60      0       0       8        0.0%
BANK3               60      0       0       9        0.0%
BITBANK2            60      0       0      10        0.0%
BANK2               60      0       0      11        0.0%
DATA                 0      0       0      12        0.0%


Microchip Technology PIC Macro Assembler V1.30 build 55553 
Symbol Table                                                                                   Tue Apr 15 02:35:20 2014

            __CFG_CP$OFF 0000                       l25 07CE                       u17 07DB  
                     u27 07F4             __CFG_CPD$OFF 0000             __CFG_FOSC$HS 0000  
           __CFG_LVP$OFF 0000             __CFG_WRT$OFF 0000                     _main 07C7  
                   btemp 007E                     ltemp 007E                     start 0000  
                   ttemp 007E                     wtemp 007E                    ?_main 0070  
          __CFG_WDTE$OFF 0000                    _PORTA 0005                    _PORTB 0006  
                  _PORTC 0007                    _PORTD 0008                    _PORTE 0009  
                  _TRISA 0085                    _TRISB 0086                    _TRISC 0087  
                  _TRISD 0088                    _TRISE 0089           __CFG_BOREN$OFF 0000  
                  ltemp0 007E                    ltemp1 0082                    ltemp2 0086  
                  ltemp3 0080                    ttemp0 007E                    ttemp1 0081  
                  ttemp2 0084                    ttemp3 0087                    ttemp4 007F  
                  status 0003                    wtemp0 007E                    wtemp1 0080  
                  wtemp2 0082                    wtemp3 0084                    wtemp4 0086  
                  wtemp5 0088                    wtemp6 007F          __initialization 07FC  
           __end_of_main 07FC                   ??_main 0070           __CFG_PWRTE$OFF 0000  
__end_of__initialization 07FC           __pcstackCOMMON 0070               __pmaintext 07C7  
   end_of_initialization 07FC      start_initialization 07FC                ___latbits 0002  
          __size_of_main 0035  
